<?xml version="1.0" encoding="UTF-8"?>
<coverage generated="1725002851384" clover="3.2.0">
  <project timestamp="1725002851384" name="All files">
    <metrics statements="4" coveredstatements="2" conditionals="0" coveredconditionals="0" methods="2" coveredmethods="1" elements="6" coveredelements="3" complexity="0" loc="4" ncloc="4" packages="2" files="2" classes="2"/>
    <package name="src">
      <metrics statements="2" coveredstatements="0" conditionals="0" coveredconditionals="0" methods="1" coveredmethods="0"/>
      <file name="App.vue" path="/Users/Sunghao/Documents/Study/webpack5/webpack-timeLine/webpack-vue-ts-newest/src/App.vue">
        <metrics statements="2" coveredstatements="0" conditionals="0" coveredconditionals="0" methods="1" coveredmethods="0"/>
        <line num="1" count="0" type="stmt"/>
        <line num="7" count="0" type="stmt"/>
      </file>
    </package>
    <package name="src.components">
      <metrics statements="2" coveredstatements="2" conditionals="0" coveredconditionals="0" methods="1" coveredmethods="1"/>
      <file name="HelloWorld.vue" path="/Users/Sunghao/Documents/Study/webpack5/webpack-timeLine/webpack-vue-ts-newest/src/components/HelloWorld.vue">
        <metrics statements="2" coveredstatements="2" conditionals="0" coveredconditionals="0" methods="1" coveredmethods="1"/>
        <line num="1" count="12" type="stmt"/>
        <line num="89" count="1" type="stmt"/>
      </file>
    </package>
  </project>
</coverage>
